timestamp: 2015-02-21T17:23:33.452520
CREATE TABLE auth_user(
    id INTEGER PRIMARY KEY AUTOINCREMENT,
    first_name CHAR(128),
    last_name CHAR(128),
    email CHAR(512),
    password CHAR(512),
    registration_key CHAR(512),
    reset_password_key CHAR(512),
    registration_id CHAR(512)
);
success!
timestamp: 2015-02-21T17:23:33.456679
CREATE TABLE auth_group(
    id INTEGER PRIMARY KEY AUTOINCREMENT,
    role CHAR(512),
    description TEXT
);
success!
timestamp: 2015-02-21T17:23:33.461126
CREATE TABLE auth_membership(
    id INTEGER PRIMARY KEY AUTOINCREMENT,
    user_id INTEGER REFERENCES auth_user (id) ON DELETE CASCADE,
    group_id INTEGER REFERENCES auth_group (id) ON DELETE CASCADE
);
success!
timestamp: 2015-02-21T17:23:33.464306
CREATE TABLE auth_permission(
    id INTEGER PRIMARY KEY AUTOINCREMENT,
    group_id INTEGER REFERENCES auth_group (id) ON DELETE CASCADE,
    name CHAR(512),
    table_name CHAR(512),
    record_id INTEGER
);
success!
timestamp: 2015-02-21T17:23:33.467428
CREATE TABLE auth_event(
    id INTEGER PRIMARY KEY AUTOINCREMENT,
    time_stamp TIMESTAMP,
    client_ip CHAR(512),
    user_id INTEGER REFERENCES auth_user (id) ON DELETE CASCADE,
    origin CHAR(512),
    description TEXT
);
success!
timestamp: 2015-02-21T17:23:33.470945
CREATE TABLE auth_cas(
    id INTEGER PRIMARY KEY AUTOINCREMENT,
    user_id INTEGER REFERENCES auth_user (id) ON DELETE CASCADE,
    created_on TIMESTAMP,
    service CHAR(512),
    ticket CHAR(512),
    renew CHAR(1)
);
success!
timestamp: 2015-02-21T20:02:44.890396
CREATE TABLE users(
    id INTEGER PRIMARY KEY AUTOINCREMENT,
    name CHAR(512),
    user_id INTEGER REFERENCES auth_user (id) ON DELETE CASCADE,
    email CHAR(512)
);
success!
timestamp: 2015-02-21T20:03:36.595758
CREATE TABLE descriptor_table(
    id INTEGER PRIMARY KEY AUTOINCREMENT,
    seqID CHAR(512)
);
success!
timestamp: 2015-02-21T20:36:37.115564
CREATE TABLE sequences(
    id INTEGER PRIMARY KEY AUTOINCREMENT,
    seq TEXT,
    descriptor_id INTEGER REFERENCES descriptor_table (id) ON DELETE CASCADE,
    date_created TIMESTAMP
);
success!
timestamp: 2015-02-21T20:36:55.494930
CREATE TABLE annotations(
    id INTEGER PRIMARY KEY AUTOINCREMENT,
    annotation_name CHAR(512),
    annotation_location CHAR(512),
    descriptor_id INTEGER REFERENCES descriptor_table (id) ON DELETE CASCADE,
    date_created TIMESTAMP,
    annotation_description TEXT
);
success!
timestamp: 2015-02-21T21:30:12.643236
ALTER TABLE descriptor_table ADD user_id INTEGER REFERENCES users (id) ON DELETE CASCADE;
success!
success!
success!
success!
success!
success!
success!
success!
success!
success!
success!
success!
success!
success!
success!
success!
success!
